<?xml version="1.0" encoding="utf-8"?><testsuites name="pytest tests"><testsuite name="pytest" errors="0" failures="0" skipped="0" tests="18" time="3.565" timestamp="2026-06-26T17:51:09.040301+00:00" hostname="agent-env-e315be92-38aa-482a-80af-c9e743fbdb63"><testcase classname="tests.test_cms_crud.TestPublicSeed" name="test_projects_seeded" time="0.200" /><testcase classname="tests.test_cms_crud.TestAdminGating" name="test_unauth_returns_401[/admin/projects]" time="0.252" /><testcase classname="tests.test_cms_crud.TestPublicSeed" name="test_pricing_plans_seeded" time="0.163" /><testcase classname="tests.test_cms_crud.TestAdminGating" name="test_unauth_returns_401[/admin/pricing-plans]" time="0.100" /><testcase classname="tests.test_cms_crud.TestAdminGating" name="test_unauth_returns_401[/admin/products]" time="0.163" /><testcase classname="tests.test_cms_crud.TestPublicSeed" name="test_products_seeded" time="0.152" /><testcase classname="tests.test_cms_crud.TestAdminGating" name="test_unauth_returns_401[/admin/site-content]" time="0.106" /><testcase classname="tests.test_cms_crud.TestPublicSeed" name="test_site_content_seeded" time="0.161" /><testcase classname="tests.test_cms_crud.TestAdminGating" name="test_client_returns_403[/admin/projects]" time="0.559" /><testcase classname="tests.test_cms_crud.TestAdminGating" name="test_client_returns_403[/admin/pricing-plans]" time="0.041" /><testcase classname="tests.test_cms_crud.TestProjectsCRUD" name="test_full_crud_and_visibility" time="1.241" /><testcase classname="tests.test_cms_crud.TestAdminGating" name="test_client_returns_403[/admin/products]" time="0.043" /><testcase classname="tests.test_cms_crud.TestAdminGating" name="test_client_returns_403[/admin/site-content]" time="0.085" /><testcase classname="tests.test_cms_crud.TestAdminGating" name="test_admin_can_list" time="0.572" /><testcase classname="tests.test_cms_crud.TestPricingCRUD" name="test_full_crud_and_sorting" time="0.354" /><testcase classname="tests.test_cms_crud.TestSiteContent" name="test_upsert_is_idempotent_by_key" time="0.687" /><testcase classname="tests.test_cms_crud.TestProductsCRUD" name="test_full_crud" time="0.695" /><testcase classname="tests.test_cms_crud.TestEndToEnd" name="test_admin_post_visible_on_public" time="0.195" /></testsuite></testsuites>