<?xml version="1.0" encoding="utf-8"?><testsuites name="pytest tests"><testsuite name="pytest" errors="0" failures="1" skipped="0" tests="32" time="5.802" timestamp="2026-06-26T12:28:35.576104+00:00" hostname="agent-env-e315be92-38aa-482a-80af-c9e743fbdb63"><testcase classname="tests.test_nvplabs_backend.TestPublicForms" name="test_contact" time="0.203" /><testcase classname="tests.test_nvplabs_backend.TestAdminGating" name="test_unauthenticated_401[/admin/leads]" time="0.146" /><testcase classname="tests.test_nvplabs_backend.TestAdminGating" name="test_unauthenticated_401[/admin/newsletter]" time="0.107" /><testcase classname="tests.test_nvplabs_backend.TestPublicForms" name="test_newsletter_first_and_idempotent" time="0.223" /><testcase classname="tests.test_nvplabs_backend.TestAdminGating" name="test_unauthenticated_401[/admin/calculator-leads]" time="0.101" /><testcase classname="tests.test_nvplabs_backend.TestAdminGating" name="test_unauthenticated_401[/admin/blog]" time="0.104" /><testcase classname="tests.test_nvplabs_backend.TestPublicForms" name="test_quote" time="0.109" /><testcase classname="tests.test_nvplabs_backend.TestAdminGating" name="test_unauthenticated_401[/admin/careers]" time="0.112" /><testcase classname="tests.test_nvplabs_backend.TestPublicForms" name="test_calculator" time="0.359" /><testcase classname="tests.test_nvplabs_backend.TestAdminGating" name="test_client_403[/admin/leads]" time="0.363" /><testcase classname="tests.test_nvplabs_backend.TestPublicReads" name="test_blog_list_seeded" time="0.101" /><testcase classname="tests.test_nvplabs_backend.TestAdminGating" name="test_client_403[/admin/newsletter]" time="0.048" /><testcase classname="tests.test_nvplabs_backend.TestAdminGating" name="test_client_403[/admin/calculator-leads]" time="0.049" /><testcase classname="tests.test_nvplabs_backend.TestPublicReads" name="test_blog_detail_seed" time="0.096" /><testcase classname="tests.test_nvplabs_backend.TestAdminGating" name="test_client_403[/admin/blog]" time="0.054" /><testcase classname="tests.test_nvplabs_backend.TestAdminGating" name="test_client_403[/admin/careers]" time="0.148" /><testcase classname="tests.test_nvplabs_backend.TestPublicReads" name="test_blog_detail_unknown" time="0.102" /><testcase classname="tests.test_nvplabs_backend.TestPublicReads" name="test_careers_list_seeded" time="0.109" /><testcase classname="tests.test_nvplabs_backend.TestAuth" name="test_register_sets_cookies" time="0.492" /><testcase classname="tests.test_nvplabs_backend.TestAdminGating" name="test_admin_200[/admin/leads]" time="0.561" /><testcase classname="tests.test_nvplabs_backend.TestAuth" name="test_register_duplicate_email_fails" time="0.427" /><testcase classname="tests.test_nvplabs_backend.TestAdminGating" name="test_admin_200[/admin/newsletter]" time="0.056" /><testcase classname="tests.test_nvplabs_backend.TestAdminGating" name="test_admin_200[/admin/calculator-leads]" time="0.279" /><testcase classname="tests.test_nvplabs_backend.TestAdminGating" name="test_admin_200[/admin/blog]" time="0.051" /><testcase classname="tests.test_nvplabs_backend.TestAdminGating" name="test_admin_200[/admin/careers]" time="0.054" /><testcase classname="tests.test_nvplabs_backend.TestAuth" name="test_admin_login_me_logout_flow" time="0.475" /><testcase classname="tests.test_nvplabs_backend.TestHealth" name="test_root" time="0.313" /><testcase classname="tests.test_nvplabs_backend.TestHealth" name="test_health" time="0.145" /><testcase classname="tests.test_nvplabs_backend.TestBlogCMS" name="test_blog_create_update_delete_and_public_side_effects" time="1.180" /><testcase classname="tests.test_nvplabs_backend.TestAuth" name="test_login_invalid_credentials" time="0.140" /><testcase classname="tests.test_nvplabs_backend.TestBruteForce" name="test_lockout_after_5_failures" time="2.386"><failure message="AssertionError: expected 429, got 401 {&quot;detail&quot;:&quot;Invalid email or password&quot;}&#10;assert 401 == 429&#10; +  where 401 = &lt;Response [401]&gt;.status_code">backend/tests/test_nvplabs_backend.py:201: in test_lockout_after_5_failures
    assert r6.status_code == 429, f"expected 429, got {r6.status_code} {r6.text}"
E   AssertionError: expected 429, got 401 {"detail":"Invalid email or password"}
E   assert 401 == 429
E    +  where 401 = &lt;Response [401]&gt;.status_code</failure></testcase><testcase classname="tests.test_nvplabs_backend.TestCareersCMS" name="test_career_crud" time="0.757" /></testsuite></testsuites>